"D:/Code/UE/Netshoot/Content/Gunslinger/GunslingerTTP_Skeleton.uasset" 0
"D:/Code/UE/Netshoot/Content/Animations/Gunslinger_Aiming.uasset" 1
"D:/Code/UE/Netshoot/Content/Animations/Gunslinger_ResetAim.uasset" 2
"D:/Code/UE/Netshoot/Content/Sounds/Blip_01.uasset" 3
"D:/Code/UE/Netshoot/Content/Sounds/Blip_02.uasset" 4
"D:/Code/UE/Netshoot/Content/Sounds/Coin_02.uasset" 5
"D:/Code/UE/Netshoot/Content/Sounds/Laser_01.uasset" 6
"D:/Code/UE/Netshoot/Content/Sounds/Laser_02.uasset" 7
"D:/Code/UE/Netshoot/Content/Sounds/Powerup_01.uasset" 8
"D:/Code/UE/Netshoot/Content/Sounds/Powerup_02.uasset" 9
"D:/Code/UE/Netshoot/Content/Sounds/Randomize_02.uasset" 10
"D:/Code/UE/Netshoot/Content/Sounds/Randomize_04.uasset" 11
"D:/Code/UE/Netshoot/Content/Sounds/Randomize_05.uasset" 12
"D:/Code/UE/Netshoot/Content/Sounds/Randomize_06.uasset" 13
"D:/Code/UE/Netshoot/Content/Sounds/Randomize_07.uasset" 14
"D:/Code/UE/Netshoot/Content/Sounds/Randomize_09.uasset" 15
"../../../Engine/Content/Animation/DefaultAnimBoneCompressionSettings.uasset" 16
"../../../Engine/Content/Animation/DefaultAnimCurveCompressionSettings.uasset" 17
"../../../Engine/Content/Functions/Engine_MaterialFunctions01/Opacity/CameraDepthFade.uasset" 18
"../../../Engine/Content/EngineMaterials/T_Default_Material_Grid_M.uasset" 19
"../../../Engine/Content/EngineMaterials/T_Default_Material_Grid_N.uasset" 20
"../../../Engine/Content/EngineMaterials/WorldGridMaterial.uasset" 21
"../../../Engine/Content/ArtTools/RenderToTexture/Meshes/S_1_Unit_Plane.uasset" 22
"../../../Engine/Content/EngineMaterials/DefaultMaterial.uasset" 23
"../../../Engine/Content/BasicShapes/Cone.uasset" 24
"../../../Engine/Content/BasicShapes/Cube.uasset" 25
"../../../Engine/Content/BasicShapes/Cylinder.uasset" 26
"../../../Engine/Content/BasicShapes/Plane.uasset" 27
"../../../Engine/Content/BasicShapes/Sphere.uasset" 28
"../../../Engine/Content/EditorLandscapeResources/DataLayer.uasset" 29
"../../../Engine/Content/EditorMaterials/MAT_Groups_Toggle.uasset" 30
"../../../Engine/Content/EditorMaterials/MAT_Groups_Visibility.uasset" 31
"../../../Engine/Content/EditorMaterials/PreviewShadowIndicator.uasset" 32
"../../../Engine/Content/EditorMaterials/PreviewShadowIndicatorMaterial.uasset" 33
"../../../Engine/Content/EditorMaterials/MatineeGroups/MAT_ColorTrack.uasset" 34
"../../../Engine/Content/EditorMaterials/MatineeGroups/MAT_Groups_Anim.uasset" 35
"../../../Engine/Content/EditorMaterials/MatineeGroups/MAT_Groups_AudioMaster.uasset" 36
"../../../Engine/Content/EditorMaterials/MatineeGroups/MAT_Groups_Director.uasset" 37
"../../../Engine/Content/EditorMaterials/MatineeGroups/MAT_Groups_Event.uasset" 38
"../../../Engine/Content/EditorMaterials/MatineeGroups/MAT_Groups_Fade.uasset" 39
"../../../Engine/Content/EditorMaterials/MatineeGroups/MAT_Groups_Float.uasset" 40
"../../../Engine/Content/EditorMaterials/MatineeGroups/MAT_Groups_Move.uasset" 41
"../../../Engine/Content/EditorMaterials/MatineeGroups/MAT_Groups_Slomo.uasset" 42
"../../../Engine/Content/EditorMaterials/MatineeGroups/MAT_Groups_Sound.uasset" 43
"../../../Engine/Content/EditorMaterials/MatineeGroups/MAT_Groups_Vector.uasset" 44
"../../../Engine/Content/EditorMaterials/ParticleSystems/PSysThumbnail_NoImage.uasset" 45
"../../../Engine/Content/EditorMaterials/ParticleSystems/PSysThumbnail_OOD.uasset" 46
"../../../Engine/Content/EditorMaterials/Camera/CineMat.uasset" 47
"../../../Engine/Content/EditorMaterials/Camera/MI_CineMat_Rig.uasset" 48
"../../../Engine/Content/EditorMeshes/Camera/SM_CraneRig_Arm.uasset" 49
"../../../Engine/Content/EditorMeshes/Camera/SM_CraneRig_Base.uasset" 50
"../../../Engine/Content/EditorMeshes/Camera/SM_CraneRig_Body.uasset" 51
"../../../Engine/Content/EditorMeshes/Camera/SM_CraneRig_Mount.uasset" 52
"../../../Engine/Content/EditorMeshes/Camera/SM_RailRig_Mount.uasset" 53
"../../../Engine/Content/EditorMeshes/Camera/SM_RailRig_Track.uasset" 54
"../../../Engine/Content/EditorResources/BSPVertex.uasset" 55
"../../../Engine/Content/EditorResources/EmptyActor.uasset" 56
"../../../Engine/Content/EditorResources/S_Actor.uasset" 57
"../../../Engine/Content/EditorResources/S_Note.uasset" 58
"../../../Engine/Content/EditorResources/S_Solver.uasset" 59
"../../../Engine/Content/EditorResources/S_Trigger.uasset" 60
"../../../Engine/Content/EditorResources/AudioIcons/S_AudioComponent.uasset" 61
"../../../Engine/Content/EditorResources/SequenceRecorder/Countdown.uasset" 62
"../../../Engine/Content/EditorResources/SequenceRecorder/RecordingIndicator.uasset" 63
"../../../Engine/Content/EditorSounds/Notifications/CompileFailed.uasset" 64
"../../../Engine/Content/EditorSounds/Notifications/CompileFailed_Cue.uasset" 65
"../../../Engine/Content/EditorSounds/Notifications/CompileSuccess.uasset" 66
"../../../Engine/Content/EditorSounds/Notifications/CompileStart_Cue.uasset" 67
"../../../Engine/Content/EditorSounds/Notifications/CompileSuccess_Cue.uasset" 68
"../../../Engine/Content/EngineDamageTypes/DmgTypeBP_Environmental.uasset" 69
"../../../Engine/Content/EngineDebugMaterials/DebugEditorMaterial.uasset" 70
"../../../Engine/Content/EngineDebugMaterials/DebugMeshMaterial.uasset" 71
"../../../Engine/Content/EngineDebugMaterials/M_SimpleUnlitTranslucent.uasset" 72
"../../../Engine/Content/Functions/Engine_MaterialFunctions02/Utility/CameraDirectionVector.uasset" 73
"../../../Engine/Content/EngineDebugMaterials/VolumeToRender.uasset" 74
"../../../Engine/Content/EngineDebugMaterials/M_VolumeRenderSphereTracePP.uasset" 75
"../../../Engine/Content/EngineDebugMaterials/WireframeMaterial.uasset" 76
"../../../Engine/Content/EngineFonts/Faces/DroidSansFallback.uasset" 77
"../../../Engine/Content/EngineFonts/Faces/RobotoBold.uasset" 78
"../../../Engine/Content/EngineFonts/Faces/RobotoBoldItalic.uasset" 79
"../../../Engine/Content/EngineFonts/Faces/RobotoItalic.uasset" 80
"../../../Engine/Content/EngineFonts/Faces/RobotoLight.uasset" 81
"../../../Engine/Content/EngineFonts/Faces/RobotoRegular.uasset" 82
"../../../Engine/Content/EngineFonts/Roboto.uasset" 83
"../../../Engine/Content/EngineMaterials/BaseFlattenDiffuseMap.uasset" 84
"../../../Engine/Content/EngineMaterials/BaseFlattenEmissiveMap.uasset" 85
"../../../Engine/Content/EngineMaterials/BaseFlattenGrayscaleMap.uasset" 86
"../../../Engine/Content/EngineMaterials/BaseFlattenNormalMap.uasset" 87
"../../../Engine/Content/EngineMaterials/BaseFlattenMaterial.uasset" 88
"../../../Engine/Content/EngineMaterials/BlueNoise.uasset" 89
"../../../Engine/Content/EngineMaterials/DefaultBloomKernel.uasset" 90
"../../../Engine/Content/EngineMaterials/DefaultBokeh.uasset" 91
"../../../Engine/Content/EngineMaterials/DefaultDiffuse.uasset" 92
"../../../Engine/Content/EngineMaterials/DefaultDeferredDecalMaterial.uasset" 93
"../../../Engine/Content/EngineMaterials/DefaultLightFunctionMaterial.uasset" 94
"../../../Engine/Content/EngineMaterials/DefaultPhysicalMaterial.uasset" 95
"../../../Engine/Content/Functions/Engine_MaterialFunctions02/Utility/BreakOutFloat2Components.uasset" 96
"../../../Engine/Content/EngineMaterials/DefaultPostProcessMaterial.uasset" 97
"../../../Engine/Content/EngineFonts/RobotoDistanceField.uasset" 98
"../../../Engine/Content/EngineMaterials/DefaultTextMaterialOpaque.uasset" 99
"../../../Engine/Content/EngineMaterials/DefaultWhiteGrid.uasset" 100
"../../../Engine/Content/EngineMaterials/DefaultWhiteGrid_Low.uasset" 101
"../../../Engine/Content/EngineMaterials/EmissiveMeshMaterial.uasset" 102
"../../../Engine/Content/EngineMaterials/GizmoMaterial.uasset" 103
"../../../Engine/Content/EngineMaterials/Good64x64TilingNoiseHighFreq.uasset" 104
"../../../Engine/Content/EngineMaterials/MiniFont.uasset" 105
"../../../Engine/Content/EngineMaterials/InvalidLightmapSettings.uasset" 106
"../../../Engine/Content/EngineMaterials/M_InvalidLightmapSettings.uasset" 107
"../../../Engine/Content/Functions/Engine_MaterialFunctions02/WorldPositionOffset/CameraOffset.uasset" 108
"../../../Engine/Content/EngineMaterials/PhAT_JointLimitMaterial.uasset" 109
"../../../Engine/Content/EngineMaterials/PreintegratedSkinBRDF.uasset" 110
"../../../Engine/Content/EngineMaterials/RemoveSurfaceMaterial.uasset" 111
"../../../Engine/Content/EngineMaterials/WeightMapPlaceholderTexture.uasset" 112
"../../../Engine/Content/EngineResources/WhiteSquareTexture.uasset" 113
"../../../Engine/Content/EngineMaterials/Widget3DPassThrough.uasset" 114
"../../../Engine/Content/EngineMaterials/Widget3DPassThrough_Masked.uasset" 115
"../../../Engine/Content/EngineMaterials/Widget3DPassThrough_Opaque.uasset" 116
"../../../Engine/Content/EngineMaterials/Widget3DPassThrough_Masked_OneSided.uasset" 117
"../../../Engine/Content/EngineMaterials/Widget3DPassThrough_Opaque_OneSided.uasset" 118
"../../../Engine/Content/EngineMaterials/Widget3DPassThrough_Translucent.uasset" 119
"../../../Engine/Content/EngineMaterials/Widget3DPassThrough_Translucent_OneSided.uasset" 120
"../../../Engine/Content/EngineMeshes/Cylinder.uasset" 121
"../../../Engine/Content/EngineMeshes/Sphere.uasset" 122
"../../../Engine/Content/EngineResources/Black.uasset" 123
"../../../Engine/Content/EngineResources/DefaultTexture.uasset" 124
"../../../Engine/Content/EngineResources/DefaultTextureCube.uasset" 125
"../../../Engine/Content/EngineResources/DefaultVolumeTexture2D.uasset" 126
"../../../Engine/Content/EngineResources/DefaultVolumeTexture.uasset" 127
"../../../Engine/Content/EngineResources/GradientTexture0.uasset" 128
"../../../Engine/Content/EngineSounds/Master.uasset" 129
"../../../Engine/Content/Functions/Engine_MaterialFunctions01/Shading/ConvertFromDiffSpec.uasset" 130
"../../../Engine/Content/Functions/Engine_MaterialFunctions01/Shading/PowerToRoughness.uasset" 131
"../../../Engine/Content/Maps/Templates/Thumbnails/Default.uasset" 132
"../../../Engine/Content/Maps/Templates/Thumbnails/TimeOfDay.uasset" 133
"../../../Engine/Content/Maps/Templates/Thumbnails/VR-Basic.uasset" 134
"../../../Engine/Content/MobileResources/T_MobileControls_texture.uasset" 135
"../../../Engine/Content/MobileResources/T_MobileMenu2.uasset" 136
"../../../Engine/Content/MobileResources/HUD/AnalogHat.uasset" 137
"../../../Engine/Content/MobileResources/HUD/VirtualJoystick_Background.uasset" 138
"../../../Engine/Content/MobileResources/HUD/VirtualJoystick_Thumb.uasset" 139
"../../../Engine/Content/MobileResources/HUD/DefaultVirtualJoysticks.uasset" 140
"../../../Engine/Content/MobileResources/HUD/LeftVirtualJoystickOnly.uasset" 141
"../../../Engine/Content/MobileResources/HUD/MobileHUDButton1_off.uasset" 142
"../../../Engine/Content/MobileResources/HUD/MobileHUDButton1_on.uasset" 143
"../../../Engine/Content/MobileResources/HUD/MobileHUDButton2_off.uasset" 144
"../../../Engine/Content/MobileResources/HUD/MobileHUDButton2_on.uasset" 145
"../../../Engine/Content/MobileResources/HUD/MobileHUDButton3.uasset" 146
"../../../Engine/Content/MobileResources/HUD/MobileHUDButtonFire.uasset" 147
"../../../Engine/Content/MobileResources/HUD/MobileHUDDirectionPad.uasset" 148
"../../../Engine/Content/MobileResources/HUD/MobileHUDDirectionPad2.uasset" 149
"../../../Engine/Content/MobileResources/HUD/MobileHUDDirectionPad3.uasset" 150
"../../../Engine/Content/MobileResources/HUD/MobileHUDDirectionStick.uasset" 151
"../../../Engine/Content/MobileResources/HUD/T_Castle_ThumbstickInner.uasset" 152
"../../../Engine/Content/MobileResources/HUD/T_Castle_ThumbstickOutter.uasset" 153
"../../../Engine/Content/Tutorial/ContentIntroCurve.uasset" 154
"../../../Engine/Content/Tutorial/Basics/LevelEditorAttract.uasset" 155
"../../../Engine/Content/Tutorial/Basics/TutorialAssets/icon_tab_Levels_40x.uasset" 156
"../../../Engine/Content/Tutorial/Basics/LevelEditorOverview.uasset" 157
"../../../Engine/Content/Tutorial/BlueprintTutorials/TutorialAssets/Blueprint_64x.uasset" 158
"../../../Engine/Content/Tutorial/BlueprintTutorials/BlueprintEditorTutorial.uasset" 159
"../../../Engine/Content/VREditor/LaserPointer/VR_LaserPower_01.uasset" 160
"../../../Engine/Content/VREditor/TransformGizmo/TransformGizmoMaterial.uasset" 161
"../../../Engine/Content/VREditor/TransformGizmo/TranslucentTransformGizmoMaterial.uasset" 162
"../../../Engine/Content/VREditor/TransformGizmo/BoundingBoxCorner.uasset" 163
"../../../Engine/Content/VREditor/TransformGizmo/BoundingBoxEdge.uasset" 164
"../../../Engine/Content/VREditor/TransformGizmo/PlaneTranslationHandle.uasset" 165
"../../../Engine/Content/VREditor/TransformGizmo/Main.uasset" 166
"../../../Engine/Content/VREditor/TransformGizmo/Xray.uasset" 167
"../../../Engine/Content/VREditor/TransformGizmo/SM_Sequencer_Key.uasset" 168
"../../../Engine/Content/VREditor/TransformGizmo/SM_Sequencer_Node.uasset" 169
"../../Plugins/2D/Paper2D/Content/PlaceholderTextures/DummySpriteTexture.uasset" 170
"../../Plugins/2D/Paper2D/Content/DummySprite.uasset" 171
"../../Plugins/2D/Paper2D/Content/DefaultPaperTerrainMaterial.uasset" 172
"../../Plugins/2D/Paper2D/Content/DefaultSpriteMaterial.uasset" 173
"../../Plugins/2D/Paper2D/Content/MaskedUnlitSpriteMaterial.uasset" 174
"../../Plugins/2D/Paper2D/Content/OpaqueUnlitSpriteMaterial.uasset" 175
"../../Plugins/FX/Niagara/Content/Enums/ENiagaraBooleanLogicOps.uasset" 176
"../../Plugins/FX/Niagara/Content/Enums/ENiagaraCoordinateSpace.uasset" 177
"../../Plugins/FX/Niagara/Content/Enums/ENiagaraExpansionMode.uasset" 178
"../../Plugins/FX/Niagara/Content/Enums/ENiagaraOrientationAxis.uasset" 179
"../../Plugins/FX/Niagara/Content/Enums/ENiagaraRandomnessMode.uasset" 180
"../../../Engine/Content/Functions/Engine_MaterialFunctions02/Utility/BreakOutFloat4Components.uasset" 181
"../../../Engine/Content/Functions/Engine_MaterialFunctions02/Utility/MakeFloat2.uasset" 182
"../../../Engine/Content/Functions/Engine_MaterialFunctions02/Utility/MakeFloat3.uasset" 183
"../../Plugins/Runtime/Oculus/OculusVR/Content/Materials/OculusMR_ChromaKey.uasset" 184
"../../Plugins/Runtime/Oculus/OculusVR/Content/Materials/OculusMR_ChromaKey_Lit.uasset" 185
"../../Plugins/Runtime/Oculus/OculusVR/Content/Materials/OculusMR_OpaqueColoredMaterial.uasset" 186
"../../Plugins/Runtime/Oculus/OculusVR/Content/Materials/OculusMR_WhiteMaterial.uasset" 187
"D:/Code/UE/Netshoot/Content/Materials/M_Hat.uasset" 188
"D:/Code/UE/Netshoot/Content/Materials/M_Hat_Inst.uasset" 189
"D:/Code/UE/Netshoot/Content/Meshes/Hat.uasset" 190
"D:/Code/UE/Netshoot/Content/Blueprints/Hat_Blueprint.uasset" 191
"../../../Engine/Content/EditorBlueprintResources/StandardMacros.uasset" 192
"D:/Code/UE/Netshoot/Content/Blueprints/State.uasset" 193
"D:/Code/UE/Netshoot/Content/Blueprints/Widgets/ErrorDialog.uasset" 194
"D:/Code/UE/Netshoot/Content/Blueprints/Widgets/LoadingScreen.uasset" 195
"D:/Code/UE/Netshoot/Content/Blueprints/Widgets/ServerRow.uasset" 196
"D:/Code/UE/Netshoot/Content/Blueprints/Widgets/ServerList.uasset" 197
"D:/Code/UE/Netshoot/Content/Blueprints/Widgets/MainMenu.uasset" 198
"D:/Code/UE/Netshoot/Content/Blueprints/MyGameInstance.uasset" 199
"../../../Engine/Content/EditorBlueprintResources/ActorMacros.uasset" 200
"D:/Code/UE/Netshoot/Content/Blueprints/MyGameState.uasset" 201
"D:/Code/UE/Netshoot/Content/Animations/Gunslinger_Aim_CC.uasset" 202
"D:/Code/UE/Netshoot/Content/Animations/Gunslinger_Aim_CL.uasset" 203
"D:/Code/UE/Netshoot/Content/Animations/Gunslinger_Aim_CR.uasset" 204
"D:/Code/UE/Netshoot/Content/Animations/Gunslinger_Aim_DC.uasset" 205
"D:/Code/UE/Netshoot/Content/Animations/Gunslinger_Aim_DL.uasset" 206
"D:/Code/UE/Netshoot/Content/Animations/Gunslinger_Aim_DR.uasset" 207
"D:/Code/UE/Netshoot/Content/Animations/Gunslinger_Aim_UC.uasset" 208
"D:/Code/UE/Netshoot/Content/Animations/Gunslinger_Aim_UL.uasset" 209
"D:/Code/UE/Netshoot/Content/Animations/Gunslinger_Aim_UR.uasset" 210
"D:/Code/UE/Netshoot/Content/Animations/AimOffset_Gunslinger.uasset" 211
"D:/Code/UE/Netshoot/Content/Animations/Gunslinger_Draw.uasset" 212
"D:/Code/UE/Netshoot/Content/Animations/Gunslinger_Fire.uasset" 213
"D:/Code/UE/Netshoot/Content/Animations/Gunslinger_PullBack.uasset" 214
"D:/Code/UE/Netshoot/Content/Animations/Gunslinger_Ready.uasset" 215
"D:/Code/UE/Netshoot/Content/Animations/Gunslinger_Unholster.uasset" 216
"D:/Code/UE/Netshoot/Content/Gunslinger/Gunslinger_AnimBP.uasset" 217
"D:/Code/UE/Netshoot/Content/Animations/Gunslinger_Hit_01.uasset" 218
"D:/Code/UE/Netshoot/Content/Textures/MuzzleFlash.uasset" 219
"D:/Code/UE/Netshoot/Content/Materials/M_MuzzleFlash.uasset" 220
"D:/Code/UE/Netshoot/Content/Materials/M_MuzzleFlash_Inst.uasset" 221
"D:/Code/UE/Netshoot/Content/Effects/P_MuzzleFlash.uasset" 222
"D:/Code/UE/Netshoot/Content/Blueprints/BP_MuzzleFlash.uasset" 223
"../../../Engine/Content/Functions/Engine_MaterialFunctions01/Gradient/RadialGradient.uasset" 224
"D:/Code/UE/Netshoot/Content/Materials/M_Bullet.uasset" 225
"D:/Code/UE/Netshoot/Content/Materials/M_Bullet_Inst.uasset" 226
"D:/Code/UE/Netshoot/Content/Effects/P_Hit.uasset" 227
"D:/Code/UE/Netshoot/Content/Meshes/Sphere.uasset" 228
"D:/Code/UE/Netshoot/Content/Sounds/Randomize_01.uasset" 229
"D:/Code/UE/Netshoot/Content/Sounds/Hit_01.uasset" 230
"D:/Code/UE/Netshoot/Content/Sounds/SoundCue_Attentuated.uasset" 231
"D:/Code/UE/Netshoot/Content/Blueprints/BP_Projectile.uasset" 232
"D:/Code/UE/Netshoot/Content/Blueprints/CamShake_01.uasset" 233
"D:/Code/UE/Netshoot/Content/Blueprints/MyPlayerState.uasset" 234
"D:/Code/UE/Netshoot/Content/Materials/M_Player.uasset" 235
"D:/Code/UE/Netshoot/Content/Materials/M_Player_Inst.uasset" 236
"D:/Code/UE/Netshoot/Content/Gunslinger/GunslingerTTP_PhysicsAsset.uasset" 237
"D:/Code/UE/Netshoot/Content/Gunslinger/GunslingerTTP.uasset" 238
"D:/Code/UE/Netshoot/Content/Materials/M_Gun.uasset" 239
"D:/Code/UE/Netshoot/Content/Meshes/Gun.uasset" 240
"D:/Code/UE/Netshoot/Content/Sounds/Click_01.uasset" 241
"D:/Code/UE/Netshoot/Content/Sounds/Coin_01.uasset" 242
"D:/Code/UE/Netshoot/Content/Sounds/Gunfire_01.uasset" 243
"D:/Code/UE/Netshoot/Content/Sounds/Randomize_03.uasset" 244
"D:/Code/UE/Netshoot/Content/Sounds/Randomize_08.uasset" 245
"D:/Code/UE/Netshoot/Content/Gunslinger/Gunslinger_BP.uasset" 246
"D:/Code/UE/Netshoot/Content/Textures/Ammo_Empty.uasset" 247
"D:/Code/UE/Netshoot/Content/Textures/Ammo_Full.uasset" 248
"D:/Code/UE/Netshoot/Content/Blueprints/Widgets/AmmoWidget.uasset" 249
"D:/Code/UE/Netshoot/Content/Blueprints/Widgets/InGameMenu.uasset" 250
"D:/Code/UE/Netshoot/Content/Blueprints/Widgets/ScoreboardRow.uasset" 251
"D:/Code/UE/Netshoot/Content/Blueprints/Widgets/MyHUD.uasset" 252
"D:/Code/UE/Netshoot/Content/Blueprints/Widgets/Score.uasset" 253
"D:/Code/UE/Netshoot/Content/Blueprints/MyPlayerController.uasset" 254
"D:/Code/UE/Netshoot/Content/Blueprints/MyGameMode.uasset" 255
"D:/Code/UE/Netshoot/Content/Blueprints/Widgets/Finish.uasset" 256
"D:/Code/UE/Netshoot/Content/Blueprints/time_BP.uasset" 257
"D:/Code/UE/Netshoot/Content/Maps/Level_01_BuiltData.uasset" 258
"D:/Code/UE/Netshoot/Content/Materials/M_Basic.uasset" 259
"D:/Code/UE/Netshoot/Content/Materials/M_Basic_Inst.uasset" 260
"D:/Code/UE/Netshoot/Content/Audio/Starter_Birds01.uasset" 261
"D:/Code/UE/Netshoot/Content/Audio/Starter_Wind05.uasset" 262
"D:/Code/UE/Netshoot/Content/Audio/Starter_Wind06.uasset" 263
"D:/Code/UE/Netshoot/Content/Audio/Starter_Background_Cue.uasset" 264
"D:/Code/UE/Netshoot/Content/Environment/Barrel.uasset" 265
"D:/Code/UE/Netshoot/Content/Environment/Building_00.uasset" 266
"D:/Code/UE/Netshoot/Content/Environment/Building_01.uasset" 267
"D:/Code/UE/Netshoot/Content/Environment/Crate.uasset" 268
"D:/Code/UE/Netshoot/Content/Environment/Ground.uasset" 269
"D:/Code/UE/Netshoot/Content/Environment/Horse_TieUp.uasset" 270
"D:/Code/UE/Netshoot/Content/Environment/Trough.uasset" 271
"D:/Code/UE/Netshoot/Content/Maps/Level_01.umap" 272
"D:/Code/UE/Netshoot/Content/Maps/MainMenu.umap" 273
"D:/Code/UE/Netshoot/Content/Maps/ServerWithSession.umap" 274
"../../../Engine/Content/Maps/Entry_BuiltData.uasset" 275
"../../../Engine/Content/Maps/Entry.umap" 276
